<?xml version="1.0" encoding="UTF-8"?>
<!-- Generated by org.testng.reporters.JUnitReportReporter -->
<testsuite name="com.learnautomation.testcases.LoginTestCRM" tests="1" time="9.019" ignored="0" failures="0" timestamp="24 Apr 2020 12:09:45 GMT" skipped="0" hostname="ABARASKA-IN" errors="0">
  <testcase name="loginApp" time="9.019" classname="com.learnautomation.testcases.LoginTestCRM"/>
</testsuite> <!-- com.learnautomation.testcases.LoginTestCRM -->
